5    		COPY START 0
10   	0000	FIRST LDA #5		010005
15   	0003		  STA  INDEX		0F2025
20   	0006		  LDB  #INDEX		692022
25   			  BASE INDEX
30   	0009		  +JSUB ROOT		4B101034
35   	000D	CLOOP +LDX  ZERO		710102E
40   	0011		  LDA  EOF		032006
45   	0014		  ADD SCORE,X		1BA006
50   	0017		  STA TEMP,X		0FA006
55   	001A	EOF   WORD  8		000008
60   	001D	SCORE WORD 1		000001
65   	0020	TEMP RESB 1 
70   	0021		STA  @GAMMA		0E2004
75   	0024		+JSUB ROOT		4B101034
80   	0028	GAMMA RESW 1
85   	002B	INDEX RESW 1
90   	002E	BETA RESB 4096
95   	102E	ZERO WORD 0		000000
100  	1031	ALPHA WORD 4096		001000
105  	1034	ROOT LDX ZERO		072FF7
110  	1037		 LDX ALPHA		072FF7
115  	103A		 TD OUTPUT		E32013
120  	103D		 JEQ ROOT		332FF4
125  	1040		 STCH BETA,X		57C003
130  	1043		 WD OUTPUT		DF200A
135  	1046		 TIXR S			B840
140  	1048		 JLT ROOT		3B2FE9
145  	104B		 RSUB  			4F0000
150  	104E	INPUT BYTE X'454F'		454F
155  	1050	OUTPUT BYTE X'05'		05
160  			   END FIRST
